<?xml version="1.0" encoding="UTF-8"?>
<!-- Generated by org.testng.reporters.JUnitReportReporter -->
<testsuite hostname="DESKTOP-IKHEAKC" failures="0" tests="1" name="selenium.Demo1.Demo1" time="0.030" errors="0" timestamp="2025-03-30T21:53:33 IST" skipped="0">
  <testcase classname="selenium.Demo1.Demo1" name="sample" time="0.030"/>
</testsuite> <!-- selenium.Demo1.Demo1 -->
